<?xml version="1.0" encoding="UTF-8"?>
<!-- Generated by org.testng.reporters.JUnitReportReporter -->
<testsuite hostname="EC2AMAZ-QP7DBPI" failures="0" tests="1" name="ESSModularRegTest.ESSRegTest_Debug1" time="105.022" errors="0" timestamp="30 Sep 2019 23:37:22 GMT">
  <testcase classname="ESSModularRegTest.ESSRegTest_Debug1" name="test1" time="105.022"/>
</testsuite> <!-- ESSModularRegTest.ESSRegTest_Debug1 -->
